<?xml version="1.0" encoding="UTF-8"?>
<testng-results skipped="0" failed="0" total="1" passed="1">
  <reporter-output>
  </reporter-output>
  <suite name="Default suite" duration-ms="8787" started-at="2017-09-25T09:50:25Z" finished-at="2017-09-25T09:50:34Z">
    <groups>
    </groups>
    <test name="Default test" duration-ms="8787" started-at="2017-09-25T09:50:25Z" finished-at="2017-09-25T09:50:34Z">
      <class name="Selenium.com.auto.Baidu">
        <test-method status="PASS" signature="Test()[pri:0, instance:Selenium.com.auto.Baidu@26be92ad]" name="Test" duration-ms="8755" started-at="2017-09-25T17:50:25Z" finished-at="2017-09-25T17:50:34Z">
          <reporter-output>
          </reporter-output>
        </test-method> <!-- Test -->
      </class> <!-- Selenium.com.auto.Baidu -->
    </test> <!-- Default test -->
  </suite> <!-- Default suite -->
</testng-results>
